C:\WORKAREA\CPPCODING\DEBUG\CPPCODING.PCH
C:\WORKAREA\CPPCODING\DEBUG\STDAFX.OBJ
C:\WORKAREA\CPPCODING\DEBUG\VC110.PDB
C:\WORKAREA\CPPCODING\DEBUG\MAIN.OBJ
C:\WORKAREA\CPPCODING\DEBUG\MAINAMAZON.OBJ
C:\WORKAREA\CPPCODING\DEBUG\MAINFACEBOOK.OBJ
C:\WORKAREA\CPPCODING\DEBUG\CPPCODING.ILK
C:\WORKAREA\CPPCODING\DEBUG\CPPCODING.EXE
C:\WORKAREA\CPPCODING\DEBUG\CPPCODING.PDB
C:\Workarea\CPPCoding\Debug\main.obj
C:\Workarea\CPPCoding\Debug\mainAmazon.obj
C:\Workarea\CPPCoding\Debug\mainFacebook.obj
C:\Workarea\CPPCoding\Debug\stdafx.obj
C:\Workarea\CPPCoding\Debug\CPPCoding.ilk
C:\Workarea\CPPCoding\Debug\cl.command.1.tlog
C:\Workarea\CPPCoding\Debug\CL.read.1.tlog
C:\Workarea\CPPCoding\Debug\CL.write.1.tlog
C:\Workarea\CPPCoding\Debug\link-cvtres.read.1.tlog
C:\Workarea\CPPCoding\Debug\link-cvtres.write.1.tlog
C:\Workarea\CPPCoding\Debug\link-rc.read.1.tlog
C:\Workarea\CPPCoding\Debug\link-rc.write.1.tlog
C:\Workarea\CPPCoding\Debug\link.10432-cvtres.read.1.tlog
C:\Workarea\CPPCoding\Debug\link.10432-cvtres.write.1.tlog
C:\Workarea\CPPCoding\Debug\link.10432-rc.read.1.tlog
C:\Workarea\CPPCoding\Debug\link.10432-rc.write.1.tlog
C:\Workarea\CPPCoding\Debug\link.10432.read.1.tlog
C:\Workarea\CPPCoding\Debug\link.10432.write.1.tlog
C:\Workarea\CPPCoding\Debug\link.10492-cvtres.read.1.tlog
C:\Workarea\CPPCoding\Debug\link.10492-cvtres.write.1.tlog
C:\Workarea\CPPCoding\Debug\link.10492-rc.read.1.tlog
C:\Workarea\CPPCoding\Debug\link.10492-rc.write.1.tlog
C:\Workarea\CPPCoding\Debug\link.10492.read.1.tlog
C:\Workarea\CPPCoding\Debug\link.10492.write.1.tlog
C:\Workarea\CPPCoding\Debug\link.10624-cvtres.read.1.tlog
C:\Workarea\CPPCoding\Debug\link.10624-cvtres.write.1.tlog
C:\Workarea\CPPCoding\Debug\link.10624-rc.read.1.tlog
C:\Workarea\CPPCoding\Debug\link.10624-rc.write.1.tlog
C:\Workarea\CPPCoding\Debug\link.10624.read.1.tlog
C:\Workarea\CPPCoding\Debug\link.10624.write.1.tlog
C:\Workarea\CPPCoding\Debug\link.11160-cvtres.read.1.tlog
C:\Workarea\CPPCoding\Debug\link.11160-cvtres.write.1.tlog
C:\Workarea\CPPCoding\Debug\link.11160-rc.read.1.tlog
C:\Workarea\CPPCoding\Debug\link.11160-rc.write.1.tlog
C:\Workarea\CPPCoding\Debug\link.11160.read.1.tlog
C:\Workarea\CPPCoding\Debug\link.11160.write.1.tlog
C:\Workarea\CPPCoding\Debug\link.11344-cvtres.read.1.tlog
C:\Workarea\CPPCoding\Debug\link.11344-cvtres.write.1.tlog
C:\Workarea\CPPCoding\Debug\link.11344-rc.read.1.tlog
C:\Workarea\CPPCoding\Debug\link.11344-rc.write.1.tlog
C:\Workarea\CPPCoding\Debug\link.11344.read.1.tlog
C:\Workarea\CPPCoding\Debug\link.11344.write.1.tlog
C:\Workarea\CPPCoding\Debug\link.12116-cvtres.read.1.tlog
C:\Workarea\CPPCoding\Debug\link.12116-cvtres.write.1.tlog
C:\Workarea\CPPCoding\Debug\link.12116-rc.read.1.tlog
C:\Workarea\CPPCoding\Debug\link.12116-rc.write.1.tlog
C:\Workarea\CPPCoding\Debug\link.12116.read.1.tlog
C:\Workarea\CPPCoding\Debug\link.12116.write.1.tlog
C:\Workarea\CPPCoding\Debug\link.13288-cvtres.read.1.tlog
C:\Workarea\CPPCoding\Debug\link.13288-cvtres.write.1.tlog
C:\Workarea\CPPCoding\Debug\link.13288-rc.read.1.tlog
C:\Workarea\CPPCoding\Debug\link.13288-rc.write.1.tlog
C:\Workarea\CPPCoding\Debug\link.13288.read.1.tlog
C:\Workarea\CPPCoding\Debug\link.13288.write.1.tlog
C:\Workarea\CPPCoding\Debug\link.2312-cvtres.read.1.tlog
C:\Workarea\CPPCoding\Debug\link.2312-cvtres.write.1.tlog
C:\Workarea\CPPCoding\Debug\link.2312-rc.read.1.tlog
C:\Workarea\CPPCoding\Debug\link.2312-rc.write.1.tlog
C:\Workarea\CPPCoding\Debug\link.2312.read.1.tlog
C:\Workarea\CPPCoding\Debug\link.2312.write.1.tlog
C:\Workarea\CPPCoding\Debug\link.2760-cvtres.read.1.tlog
C:\Workarea\CPPCoding\Debug\link.2760-cvtres.write.1.tlog
C:\Workarea\CPPCoding\Debug\link.2760-rc.read.1.tlog
C:\Workarea\CPPCoding\Debug\link.2760-rc.write.1.tlog
C:\Workarea\CPPCoding\Debug\link.2760.read.1.tlog
C:\Workarea\CPPCoding\Debug\link.2760.write.1.tlog
C:\Workarea\CPPCoding\Debug\link.360-cvtres.read.1.tlog
C:\Workarea\CPPCoding\Debug\link.360-cvtres.write.1.tlog
C:\Workarea\CPPCoding\Debug\link.360-rc.read.1.tlog
C:\Workarea\CPPCoding\Debug\link.360-rc.write.1.tlog
C:\Workarea\CPPCoding\Debug\link.360.read.1.tlog
C:\Workarea\CPPCoding\Debug\link.360.write.1.tlog
C:\Workarea\CPPCoding\Debug\link.5464-cvtres.read.1.tlog
C:\Workarea\CPPCoding\Debug\link.5464-cvtres.write.1.tlog
C:\Workarea\CPPCoding\Debug\link.5464-rc.read.1.tlog
C:\Workarea\CPPCoding\Debug\link.5464-rc.write.1.tlog
C:\Workarea\CPPCoding\Debug\link.5464.read.1.tlog
C:\Workarea\CPPCoding\Debug\link.5464.write.1.tlog
C:\Workarea\CPPCoding\Debug\link.8340-cvtres.read.1.tlog
C:\Workarea\CPPCoding\Debug\link.8340-cvtres.write.1.tlog
C:\Workarea\CPPCoding\Debug\link.8340-rc.read.1.tlog
C:\Workarea\CPPCoding\Debug\link.8340-rc.write.1.tlog
C:\Workarea\CPPCoding\Debug\link.8340.read.1.tlog
C:\Workarea\CPPCoding\Debug\link.8340.write.1.tlog
C:\Workarea\CPPCoding\Debug\link.8644-cvtres.read.1.tlog
C:\Workarea\CPPCoding\Debug\link.8644-cvtres.write.1.tlog
C:\Workarea\CPPCoding\Debug\link.8644-rc.read.1.tlog
C:\Workarea\CPPCoding\Debug\link.8644-rc.write.1.tlog
C:\Workarea\CPPCoding\Debug\link.8644.read.1.tlog
C:\Workarea\CPPCoding\Debug\link.8644.write.1.tlog
C:\Workarea\CPPCoding\Debug\link.command.1.tlog
C:\Workarea\CPPCoding\Debug\link.read.1.tlog
C:\Workarea\CPPCoding\Debug\link.write.1.tlog
C:\Workarea\CPPCoding\Debug\CPPCoding.pch
C:\Workarea\CPPCoding\Debug\vc110.idb
C:\Workarea\CPPCoding\Debug\CPPCoding.pdb
C:\Workarea\CPPCoding\Debug\vc110.pdb
C:\Workarea\CPPCoding\Debug\CPPCoding.exe
