c:\workarea\cppcoding\cppcoding\debug\cppcoding.pch
c:\workarea\cppcoding\cppcoding\debug\vc143.pdb
c:\workarea\cppcoding\cppcoding\debug\vc143.idb
c:\workarea\cppcoding\cppcoding\debug\stdafx.obj
c:\workarea\cppcoding\cppcoding\debug\mainfacebook.obj
c:\workarea\cppcoding\cppcoding\debug\mainamazon.obj
c:\workarea\cppcoding\cppcoding\debug\main12_c_and_cpp.obj
c:\workarea\cppcoding\cppcoding\debug\main11_testing.obj
c:\workarea\cppcoding\cppcoding\debug\main10_sorting_and_searching.obj
c:\workarea\cppcoding\cppcoding\debug\main09_system_design_and_scalability.obj
c:\workarea\cppcoding\cppcoding\debug\main08_recursion_and_dynamic_programming.obj
c:\workarea\cppcoding\cppcoding\debug\main07_object_oriented_design.obj
c:\workarea\cppcoding\cppcoding\debug\main06_math_and_logic_puzzles.obj
c:\workarea\cppcoding\cppcoding\debug\main05_bit_manipulation.obj
c:\workarea\cppcoding\cppcoding\debug\main04_trees_and_graphs.obj
c:\workarea\cppcoding\cppcoding\debug\main03_stacks_and_queues.obj
c:\workarea\cppcoding\cppcoding\debug\main02_linked_list.obj
c:\workarea\cppcoding\cppcoding\debug\main01_array_and_strings.obj
c:\workarea\cppcoding\cppcoding\debug\main.obj
c:\workarea\cppcoding\cppcoding\debug\cppcoding.ilk
c:\workarea\cppcoding\debug\cppcoding.pdb
c:\workarea\cppcoding\cppcoding\debug\cppcoding.tlog\cl.command.1.tlog
c:\workarea\cppcoding\cppcoding\debug\cppcoding.tlog\cl.items.tlog
c:\workarea\cppcoding\cppcoding\debug\cppcoding.tlog\cl.read.1.tlog
c:\workarea\cppcoding\cppcoding\debug\cppcoding.tlog\cl.write.1.tlog
c:\workarea\cppcoding\cppcoding\debug\cppcoding.tlog\link-cvtres.read.1.tlog
c:\workarea\cppcoding\cppcoding\debug\cppcoding.tlog\link-cvtres.write.1.tlog
c:\workarea\cppcoding\cppcoding\debug\cppcoding.tlog\link-rc.read.1.tlog
c:\workarea\cppcoding\cppcoding\debug\cppcoding.tlog\link-rc.write.1.tlog
c:\workarea\cppcoding\cppcoding\debug\cppcoding.tlog\link.42140-cvtres.read.1.tlog
c:\workarea\cppcoding\cppcoding\debug\cppcoding.tlog\link.42140-cvtres.write.1.tlog
c:\workarea\cppcoding\cppcoding\debug\cppcoding.tlog\link.42140-rc.read.1.tlog
c:\workarea\cppcoding\cppcoding\debug\cppcoding.tlog\link.42140-rc.write.1.tlog
c:\workarea\cppcoding\cppcoding\debug\cppcoding.tlog\link.42140.read.1.tlog
c:\workarea\cppcoding\cppcoding\debug\cppcoding.tlog\link.42140.write.1.tlog
c:\workarea\cppcoding\cppcoding\debug\cppcoding.tlog\link.command.1.tlog
c:\workarea\cppcoding\cppcoding\debug\cppcoding.tlog\link.read.1.tlog
c:\workarea\cppcoding\cppcoding\debug\cppcoding.tlog\link.secondary.1.tlog
c:\workarea\cppcoding\cppcoding\debug\cppcoding.tlog\link.write.1.tlog
